* installing *source* package ‘elcf4R’ ...
** this is package ‘elcf4R’ version ‘0.1.0’
** using staged installation
** libs
2026-03-30 00:32:43.025 xcodebuild[95022:25359623]  DVTFilePathFSEvents: Failed to start fs event stream.
2026-03-30 00:32:43.120 xcodebuild[95022:25359611] [MT] DVTDeveloperPaths: Failed to get length of DARWIN_USER_CACHE_DIR from confstr(3), error = Error Domain=NSPOSIXErrorDomain Code=5 "Input/output error". Using NSCachesDirectory instead.
2026-03-30 00:32:44.314 xcodebuild[95069:25359807]  DVTFilePathFSEvents: Failed to start fs event stream.
2026-03-30 00:32:44.386 xcodebuild[95069:25359806] [MT] DVTDeveloperPaths: Failed to get length of DARWIN_USER_CACHE_DIR from confstr(3), error = Error Domain=NSPOSIXErrorDomain Code=5 "Input/output error". Using NSCachesDirectory instead.
using C++ compiler: ‘Apple clang version 16.0.0 (clang-1600.0.26.6)’
using SDK: ‘MacOSX2026-03-30 00:32:45.471 xcodebuild[95092:25359951]  DVTFilePathFSEvents: Failed to start fs event stream..sdk’‘MacOSX2026-03-30 00:32:45.544 xcodebuild[95092:25359950] [MT] DVTDeveloperPaths: Failed to get length of DARWIN_USER_CACHE_DIR from confstr(3), error = Error Domain=NSPOSIXErrorDomain Code=5 "Input/output error". Using NSCachesDirectory instead..sdk’‘MacOSX15.2.sdk’
clang++ -arch arm64 -std=gnu++17 -I"/Library/Frameworks/R.framework/Resources/include" -DNDEBUG  -I'/Library/Frameworks/R.framework/Versions/4.5-arm64/Resources/library/Rcpp/include' -I/opt/R/arm64/include    -fPIC  -falign-functions=64 -Wall -g -O2   -c RcppExports.cpp -o RcppExports.o
clang++ -arch arm64 -std=gnu++17 -I"/Library/Frameworks/R.framework/Resources/include" -DNDEBUG  -I'/Library/Frameworks/R.framework/Versions/4.5-arm64/Resources/library/Rcpp/include' -I/opt/R/arm64/include    -fPIC  -falign-functions=64 -Wall -g -O2   -c kwf_core.cpp -o kwf_core.o
clang++ -arch arm64 -std=gnu++17 -dynamiclib -Wl,-headerpad_max_install_names -undefined dynamic_lookup -L/Library/Frameworks/R.framework/Resources/lib -L/opt/R/arm64/lib -o elcf4R.so RcppExports.o kwf_core.o -F/Library/Frameworks/R.framework/.. -framework R
installing to /Users/bertran7/Documents/GitHub/eclf4R/check/elcf4R.Rcheck/00LOCK-elcf4R/00new/elcf4R/libs
** R
** data
*** moving datasets to lazyload DB
** inst
** byte-compile and prepare package for lazy loading
** help
*** installing help indices
** building package indices
** installing vignettes
** testing if installed package can be loaded from temporary location
** checking absolute paths in shared objects and dynamic libraries
** testing if installed package can be loaded from final location
** testing if installed package keeps a record of temporary installation path
* DONE (elcf4R)
